Determining if the pthread_create exist failed with the following output:
Change Dir: /home/nvidia/Downloads/KCFcpp-master/CMakeFiles/CMakeTmp

Run Build Command:"/usr/bin/make" "cmTC_cbf02/fast"
/usr/bin/make -f CMakeFiles/cmTC_cbf02.dir/build.make CMakeFiles/cmTC_cbf02.dir/build
make[1]: Entering directory '/home/nvidia/Downloads/KCFcpp-master/CMakeFiles/CMakeTmp'
Building C object CMakeFiles/cmTC_cbf02.dir/CheckSymbolExists.c.o
/usr/bin/cc   -fPIC    -o CMakeFiles/cmTC_cbf02.dir/CheckSymbolExists.c.o   -c /home/nvidia/Downloads/KCFcpp-master/CMakeFiles/CMakeTmp/CheckSymbolExists.c
Linking C executable cmTC_cbf02
/usr/bin/cmake -E cmake_link_script CMakeFiles/cmTC_cbf02.dir/link.txt --verbose=1
/usr/bin/cc -fPIC     -rdynamic CMakeFiles/cmTC_cbf02.dir/CheckSymbolExists.c.o  -o cmTC_cbf02 
CMakeFiles/cmTC_cbf02.dir/CheckSymbolExists.c.o: In function `main':
CheckSymbolExists.c:(.text+0x14): undefined reference to `pthread_create'
CheckSymbolExists.c:(.text+0x18): undefined reference to `pthread_create'
collect2: error: ld returned 1 exit status
CMakeFiles/cmTC_cbf02.dir/build.make:97: recipe for target 'cmTC_cbf02' failed
make[1]: *** [cmTC_cbf02] Error 1
make[1]: Leaving directory '/home/nvidia/Downloads/KCFcpp-master/CMakeFiles/CMakeTmp'
Makefile:126: recipe for target 'cmTC_cbf02/fast' failed
make: *** [cmTC_cbf02/fast] Error 2

File /home/nvidia/Downloads/KCFcpp-master/CMakeFiles/CMakeTmp/CheckSymbolExists.c:
/* */
#include <pthread.h>

int main(int argc, char** argv)
{
  (void)argv;
#ifndef pthread_create
  return ((int*)(&pthread_create))[argc];
#else
  (void)argc;
  return 0;
#endif
}

Determining if the function pthread_create exists in the pthreads failed with the following output:
Change Dir: /home/nvidia/Downloads/KCFcpp-master/CMakeFiles/CMakeTmp

Run Build Command:"/usr/bin/make" "cmTC_4807a/fast"
/usr/bin/make -f CMakeFiles/cmTC_4807a.dir/build.make CMakeFiles/cmTC_4807a.dir/build
make[1]: Entering directory '/home/nvidia/Downloads/KCFcpp-master/CMakeFiles/CMakeTmp'
Building C object CMakeFiles/cmTC_4807a.dir/CheckFunctionExists.c.o
/usr/bin/cc   -fPIC -DCHECK_FUNCTION_EXISTS=pthread_create   -o CMakeFiles/cmTC_4807a.dir/CheckFunctionExists.c.o   -c /usr/share/cmake-3.10/Modules/CheckFunctionExists.c
Linking C executable cmTC_4807a
/usr/bin/cmake -E cmake_link_script CMakeFiles/cmTC_4807a.dir/link.txt --verbose=1
/usr/bin/cc -fPIC -DCHECK_FUNCTION_EXISTS=pthread_create    -rdynamic CMakeFiles/cmTC_4807a.dir/CheckFunctionExists.c.o  -o cmTC_4807a -lpthreads 
/usr/bin/ld: cannot find -lpthreads
collect2: error: ld returned 1 exit status
CMakeFiles/cmTC_4807a.dir/build.make:97: recipe for target 'cmTC_4807a' failed
make[1]: *** [cmTC_4807a] Error 1
make[1]: Leaving directory '/home/nvidia/Downloads/KCFcpp-master/CMakeFiles/CMakeTmp'
Makefile:126: recipe for target 'cmTC_4807a/fast' failed
make: *** [cmTC_4807a/fast] Error 2


Determining if the pthread_create exist failed with the following output:
Change Dir: /home/nvidia/Downloads/KCFcpp-master/CMakeFiles/CMakeTmp

Run Build Command:"/usr/bin/make" "cmTC_4bb92/fast"
/usr/bin/make -f CMakeFiles/cmTC_4bb92.dir/build.make CMakeFiles/cmTC_4bb92.dir/build
make[1]: Entering directory '/home/nvidia/Downloads/KCFcpp-master/CMakeFiles/CMakeTmp'
Building C object CMakeFiles/cmTC_4bb92.dir/CheckSymbolExists.c.o
/usr/bin/cc   -fPIC    -o CMakeFiles/cmTC_4bb92.dir/CheckSymbolExists.c.o   -c /home/nvidia/Downloads/KCFcpp-master/CMakeFiles/CMakeTmp/CheckSymbolExists.c
Linking C executable cmTC_4bb92
/usr/bin/cmake -E cmake_link_script CMakeFiles/cmTC_4bb92.dir/link.txt --verbose=1
/usr/bin/cc -fPIC     -rdynamic CMakeFiles/cmTC_4bb92.dir/CheckSymbolExists.c.o  -o cmTC_4bb92 
CMakeFiles/cmTC_4bb92.dir/CheckSymbolExists.c.o: In function `main':
CheckSymbolExists.c:(.text+0x14): undefined reference to `pthread_create'
CheckSymbolExists.c:(.text+0x18): undefined reference to `pthread_create'
collect2: error: ld returned 1 exit status
CMakeFiles/cmTC_4bb92.dir/build.make:97: recipe for target 'cmTC_4bb92' failed
make[1]: *** [cmTC_4bb92] Error 1
make[1]: Leaving directory '/home/nvidia/Downloads/KCFcpp-master/CMakeFiles/CMakeTmp'
Makefile:126: recipe for target 'cmTC_4bb92/fast' failed
make: *** [cmTC_4bb92/fast] Error 2

File /home/nvidia/Downloads/KCFcpp-master/CMakeFiles/CMakeTmp/CheckSymbolExists.c:
/* */
#include <pthread.h>

int main(int argc, char** argv)
{
  (void)argv;
#ifndef pthread_create
  return ((int*)(&pthread_create))[argc];
#else
  (void)argc;
  return 0;
#endif
}

Determining if the function pthread_create exists in the pthreads failed with the following output:
Change Dir: /home/nvidia/Downloads/KCFcpp-master/CMakeFiles/CMakeTmp

Run Build Command:"/usr/bin/make" "cmTC_32e9f/fast"
/usr/bin/make -f CMakeFiles/cmTC_32e9f.dir/build.make CMakeFiles/cmTC_32e9f.dir/build
make[1]: Entering directory '/home/nvidia/Downloads/KCFcpp-master/CMakeFiles/CMakeTmp'
Building C object CMakeFiles/cmTC_32e9f.dir/CheckFunctionExists.c.o
/usr/bin/cc   -fPIC -DCHECK_FUNCTION_EXISTS=pthread_create   -o CMakeFiles/cmTC_32e9f.dir/CheckFunctionExists.c.o   -c /usr/share/cmake-3.10/Modules/CheckFunctionExists.c
Linking C executable cmTC_32e9f
/usr/bin/cmake -E cmake_link_script CMakeFiles/cmTC_32e9f.dir/link.txt --verbose=1
/usr/bin/cc -fPIC -DCHECK_FUNCTION_EXISTS=pthread_create    -rdynamic CMakeFiles/cmTC_32e9f.dir/CheckFunctionExists.c.o  -o cmTC_32e9f -lpthreads 
/usr/bin/ld: cannot find -lpthreads
collect2: error: ld returned 1 exit status
CMakeFiles/cmTC_32e9f.dir/build.make:97: recipe for target 'cmTC_32e9f' failed
make[1]: *** [cmTC_32e9f] Error 1
make[1]: Leaving directory '/home/nvidia/Downloads/KCFcpp-master/CMakeFiles/CMakeTmp'
Makefile:126: recipe for target 'cmTC_32e9f/fast' failed
make: *** [cmTC_32e9f/fast] Error 2


Determining if the pthread_create exist failed with the following output:
Change Dir: /home/nvidia/Downloads/KCFcpp-master/CMakeFiles/CMakeTmp

Run Build Command:"/usr/bin/make" "cmTC_694ed/fast"
/usr/bin/make -f CMakeFiles/cmTC_694ed.dir/build.make CMakeFiles/cmTC_694ed.dir/build
make[1]: Entering directory '/home/nvidia/Downloads/KCFcpp-master/CMakeFiles/CMakeTmp'
Building C object CMakeFiles/cmTC_694ed.dir/CheckSymbolExists.c.o
/usr/bin/cc   -fPIC    -o CMakeFiles/cmTC_694ed.dir/CheckSymbolExists.c.o   -c /home/nvidia/Downloads/KCFcpp-master/CMakeFiles/CMakeTmp/CheckSymbolExists.c
Linking C executable cmTC_694ed
/usr/bin/cmake -E cmake_link_script CMakeFiles/cmTC_694ed.dir/link.txt --verbose=1
/usr/bin/cc -fPIC     -rdynamic CMakeFiles/cmTC_694ed.dir/CheckSymbolExists.c.o  -o cmTC_694ed 
CMakeFiles/cmTC_694ed.dir/CheckSymbolExists.c.o: In function `main':
CheckSymbolExists.c:(.text+0x14): undefined reference to `pthread_create'
CheckSymbolExists.c:(.text+0x18): undefined reference to `pthread_create'
collect2: error: ld returned 1 exit status
CMakeFiles/cmTC_694ed.dir/build.make:97: recipe for target 'cmTC_694ed' failed
make[1]: *** [cmTC_694ed] Error 1
make[1]: Leaving directory '/home/nvidia/Downloads/KCFcpp-master/CMakeFiles/CMakeTmp'
Makefile:126: recipe for target 'cmTC_694ed/fast' failed
make: *** [cmTC_694ed/fast] Error 2

File /home/nvidia/Downloads/KCFcpp-master/CMakeFiles/CMakeTmp/CheckSymbolExists.c:
/* */
#include <pthread.h>

int main(int argc, char** argv)
{
  (void)argv;
#ifndef pthread_create
  return ((int*)(&pthread_create))[argc];
#else
  (void)argc;
  return 0;
#endif
}

Determining if the function pthread_create exists in the pthreads failed with the following output:
Change Dir: /home/nvidia/Downloads/KCFcpp-master/CMakeFiles/CMakeTmp

Run Build Command:"/usr/bin/make" "cmTC_c1aff/fast"
/usr/bin/make -f CMakeFiles/cmTC_c1aff.dir/build.make CMakeFiles/cmTC_c1aff.dir/build
make[1]: Entering directory '/home/nvidia/Downloads/KCFcpp-master/CMakeFiles/CMakeTmp'
Building C object CMakeFiles/cmTC_c1aff.dir/CheckFunctionExists.c.o
/usr/bin/cc   -fPIC -DCHECK_FUNCTION_EXISTS=pthread_create   -o CMakeFiles/cmTC_c1aff.dir/CheckFunctionExists.c.o   -c /usr/share/cmake-3.10/Modules/CheckFunctionExists.c
Linking C executable cmTC_c1aff
/usr/bin/cmake -E cmake_link_script CMakeFiles/cmTC_c1aff.dir/link.txt --verbose=1
/usr/bin/cc -fPIC -DCHECK_FUNCTION_EXISTS=pthread_create    -rdynamic CMakeFiles/cmTC_c1aff.dir/CheckFunctionExists.c.o  -o cmTC_c1aff -lpthreads 
/usr/bin/ld: cannot find -lpthreads
collect2: error: ld returned 1 exit status
CMakeFiles/cmTC_c1aff.dir/build.make:97: recipe for target 'cmTC_c1aff' failed
make[1]: *** [cmTC_c1aff] Error 1
make[1]: Leaving directory '/home/nvidia/Downloads/KCFcpp-master/CMakeFiles/CMakeTmp'
Makefile:126: recipe for target 'cmTC_c1aff/fast' failed
make: *** [cmTC_c1aff/fast] Error 2


Determining if the pthread_create exist failed with the following output:
Change Dir: /home/nvidia/Downloads/KCFcpp-master/CMakeFiles/CMakeTmp

Run Build Command:"/usr/bin/make" "cmTC_8a870/fast"
/usr/bin/make -f CMakeFiles/cmTC_8a870.dir/build.make CMakeFiles/cmTC_8a870.dir/build
make[1]: Entering directory '/home/nvidia/Downloads/KCFcpp-master/CMakeFiles/CMakeTmp'
Building C object CMakeFiles/cmTC_8a870.dir/CheckSymbolExists.c.o
/usr/bin/cc   -fPIC    -o CMakeFiles/cmTC_8a870.dir/CheckSymbolExists.c.o   -c /home/nvidia/Downloads/KCFcpp-master/CMakeFiles/CMakeTmp/CheckSymbolExists.c
Linking C executable cmTC_8a870
/usr/bin/cmake -E cmake_link_script CMakeFiles/cmTC_8a870.dir/link.txt --verbose=1
/usr/bin/cc -fPIC     -rdynamic CMakeFiles/cmTC_8a870.dir/CheckSymbolExists.c.o  -o cmTC_8a870 
CMakeFiles/cmTC_8a870.dir/CheckSymbolExists.c.o: In function `main':
CheckSymbolExists.c:(.text+0x14): undefined reference to `pthread_create'
CheckSymbolExists.c:(.text+0x18): undefined reference to `pthread_create'
collect2: error: ld returned 1 exit status
CMakeFiles/cmTC_8a870.dir/build.make:97: recipe for target 'cmTC_8a870' failed
make[1]: *** [cmTC_8a870] Error 1
make[1]: Leaving directory '/home/nvidia/Downloads/KCFcpp-master/CMakeFiles/CMakeTmp'
Makefile:126: recipe for target 'cmTC_8a870/fast' failed
make: *** [cmTC_8a870/fast] Error 2

File /home/nvidia/Downloads/KCFcpp-master/CMakeFiles/CMakeTmp/CheckSymbolExists.c:
/* */
#include <pthread.h>

int main(int argc, char** argv)
{
  (void)argv;
#ifndef pthread_create
  return ((int*)(&pthread_create))[argc];
#else
  (void)argc;
  return 0;
#endif
}

Determining if the function pthread_create exists in the pthreads failed with the following output:
Change Dir: /home/nvidia/Downloads/KCFcpp-master/CMakeFiles/CMakeTmp

Run Build Command:"/usr/bin/make" "cmTC_13ff1/fast"
/usr/bin/make -f CMakeFiles/cmTC_13ff1.dir/build.make CMakeFiles/cmTC_13ff1.dir/build
make[1]: Entering directory '/home/nvidia/Downloads/KCFcpp-master/CMakeFiles/CMakeTmp'
Building C object CMakeFiles/cmTC_13ff1.dir/CheckFunctionExists.c.o
/usr/bin/cc   -fPIC -DCHECK_FUNCTION_EXISTS=pthread_create   -o CMakeFiles/cmTC_13ff1.dir/CheckFunctionExists.c.o   -c /usr/share/cmake-3.10/Modules/CheckFunctionExists.c
Linking C executable cmTC_13ff1
/usr/bin/cmake -E cmake_link_script CMakeFiles/cmTC_13ff1.dir/link.txt --verbose=1
/usr/bin/cc -fPIC -DCHECK_FUNCTION_EXISTS=pthread_create    -rdynamic CMakeFiles/cmTC_13ff1.dir/CheckFunctionExists.c.o  -o cmTC_13ff1 -lpthreads 
/usr/bin/ld: cannot find -lpthreads
collect2: error: ld returned 1 exit status
CMakeFiles/cmTC_13ff1.dir/build.make:97: recipe for target 'cmTC_13ff1' failed
make[1]: *** [cmTC_13ff1] Error 1
make[1]: Leaving directory '/home/nvidia/Downloads/KCFcpp-master/CMakeFiles/CMakeTmp'
Makefile:126: recipe for target 'cmTC_13ff1/fast' failed
make: *** [cmTC_13ff1/fast] Error 2


Determining if the pthread_create exist failed with the following output:
Change Dir: /home/nvidia/Downloads/KCFcpp-master/CMakeFiles/CMakeTmp

Run Build Command:"/usr/bin/make" "cmTC_c3683/fast"
/usr/bin/make -f CMakeFiles/cmTC_c3683.dir/build.make CMakeFiles/cmTC_c3683.dir/build
make[1]: Entering directory '/home/nvidia/Downloads/KCFcpp-master/CMakeFiles/CMakeTmp'
Building C object CMakeFiles/cmTC_c3683.dir/CheckSymbolExists.c.o
/usr/bin/cc   -fPIC    -o CMakeFiles/cmTC_c3683.dir/CheckSymbolExists.c.o   -c /home/nvidia/Downloads/KCFcpp-master/CMakeFiles/CMakeTmp/CheckSymbolExists.c
Linking C executable cmTC_c3683
/usr/bin/cmake -E cmake_link_script CMakeFiles/cmTC_c3683.dir/link.txt --verbose=1
/usr/bin/cc -fPIC     -rdynamic CMakeFiles/cmTC_c3683.dir/CheckSymbolExists.c.o  -o cmTC_c3683 
CMakeFiles/cmTC_c3683.dir/CheckSymbolExists.c.o: In function `main':
CheckSymbolExists.c:(.text+0x14): undefined reference to `pthread_create'
CheckSymbolExists.c:(.text+0x18): undefined reference to `pthread_create'
collect2: error: ld returned 1 exit status
CMakeFiles/cmTC_c3683.dir/build.make:97: recipe for target 'cmTC_c3683' failed
make[1]: *** [cmTC_c3683] Error 1
make[1]: Leaving directory '/home/nvidia/Downloads/KCFcpp-master/CMakeFiles/CMakeTmp'
Makefile:126: recipe for target 'cmTC_c3683/fast' failed
make: *** [cmTC_c3683/fast] Error 2

File /home/nvidia/Downloads/KCFcpp-master/CMakeFiles/CMakeTmp/CheckSymbolExists.c:
/* */
#include <pthread.h>

int main(int argc, char** argv)
{
  (void)argv;
#ifndef pthread_create
  return ((int*)(&pthread_create))[argc];
#else
  (void)argc;
  return 0;
#endif
}

Determining if the function pthread_create exists in the pthreads failed with the following output:
Change Dir: /home/nvidia/Downloads/KCFcpp-master/CMakeFiles/CMakeTmp

Run Build Command:"/usr/bin/make" "cmTC_cdcf0/fast"
/usr/bin/make -f CMakeFiles/cmTC_cdcf0.dir/build.make CMakeFiles/cmTC_cdcf0.dir/build
make[1]: Entering directory '/home/nvidia/Downloads/KCFcpp-master/CMakeFiles/CMakeTmp'
Building C object CMakeFiles/cmTC_cdcf0.dir/CheckFunctionExists.c.o
/usr/bin/cc   -fPIC -DCHECK_FUNCTION_EXISTS=pthread_create   -o CMakeFiles/cmTC_cdcf0.dir/CheckFunctionExists.c.o   -c /usr/share/cmake-3.10/Modules/CheckFunctionExists.c
Linking C executable cmTC_cdcf0
/usr/bin/cmake -E cmake_link_script CMakeFiles/cmTC_cdcf0.dir/link.txt --verbose=1
/usr/bin/cc -fPIC -DCHECK_FUNCTION_EXISTS=pthread_create    -rdynamic CMakeFiles/cmTC_cdcf0.dir/CheckFunctionExists.c.o  -o cmTC_cdcf0 -lpthreads 
/usr/bin/ld: cannot find -lpthreads
collect2: error: ld returned 1 exit status
CMakeFiles/cmTC_cdcf0.dir/build.make:97: recipe for target 'cmTC_cdcf0' failed
make[1]: *** [cmTC_cdcf0] Error 1
make[1]: Leaving directory '/home/nvidia/Downloads/KCFcpp-master/CMakeFiles/CMakeTmp'
Makefile:126: recipe for target 'cmTC_cdcf0/fast' failed
make: *** [cmTC_cdcf0/fast] Error 2


Determining if the pthread_create exist failed with the following output:
Change Dir: /home/nvidia/Downloads/KCFcpp-master/CMakeFiles/CMakeTmp

Run Build Command:"/usr/bin/make" "cmTC_1bee9/fast"
/usr/bin/make -f CMakeFiles/cmTC_1bee9.dir/build.make CMakeFiles/cmTC_1bee9.dir/build
make[1]: Entering directory '/home/nvidia/Downloads/KCFcpp-master/CMakeFiles/CMakeTmp'
Building C object CMakeFiles/cmTC_1bee9.dir/CheckSymbolExists.c.o
/usr/bin/cc   -fPIC    -o CMakeFiles/cmTC_1bee9.dir/CheckSymbolExists.c.o   -c /home/nvidia/Downloads/KCFcpp-master/CMakeFiles/CMakeTmp/CheckSymbolExists.c
Linking C executable cmTC_1bee9
/usr/bin/cmake -E cmake_link_script CMakeFiles/cmTC_1bee9.dir/link.txt --verbose=1
/usr/bin/cc -fPIC     -rdynamic CMakeFiles/cmTC_1bee9.dir/CheckSymbolExists.c.o  -o cmTC_1bee9 
CMakeFiles/cmTC_1bee9.dir/CheckSymbolExists.c.o: In function `main':
CheckSymbolExists.c:(.text+0x14): undefined reference to `pthread_create'
CheckSymbolExists.c:(.text+0x18): undefined reference to `pthread_create'
collect2: error: ld returned 1 exit status
CMakeFiles/cmTC_1bee9.dir/build.make:97: recipe for target 'cmTC_1bee9' failed
make[1]: *** [cmTC_1bee9] Error 1
make[1]: Leaving directory '/home/nvidia/Downloads/KCFcpp-master/CMakeFiles/CMakeTmp'
Makefile:126: recipe for target 'cmTC_1bee9/fast' failed
make: *** [cmTC_1bee9/fast] Error 2

File /home/nvidia/Downloads/KCFcpp-master/CMakeFiles/CMakeTmp/CheckSymbolExists.c:
/* */
#include <pthread.h>

int main(int argc, char** argv)
{
  (void)argv;
#ifndef pthread_create
  return ((int*)(&pthread_create))[argc];
#else
  (void)argc;
  return 0;
#endif
}

Determining if the function pthread_create exists in the pthreads failed with the following output:
Change Dir: /home/nvidia/Downloads/KCFcpp-master/CMakeFiles/CMakeTmp

Run Build Command:"/usr/bin/make" "cmTC_5e658/fast"
/usr/bin/make -f CMakeFiles/cmTC_5e658.dir/build.make CMakeFiles/cmTC_5e658.dir/build
make[1]: Entering directory '/home/nvidia/Downloads/KCFcpp-master/CMakeFiles/CMakeTmp'
Building C object CMakeFiles/cmTC_5e658.dir/CheckFunctionExists.c.o
/usr/bin/cc   -fPIC -DCHECK_FUNCTION_EXISTS=pthread_create   -o CMakeFiles/cmTC_5e658.dir/CheckFunctionExists.c.o   -c /usr/share/cmake-3.10/Modules/CheckFunctionExists.c
Linking C executable cmTC_5e658
/usr/bin/cmake -E cmake_link_script CMakeFiles/cmTC_5e658.dir/link.txt --verbose=1
/usr/bin/cc -fPIC -DCHECK_FUNCTION_EXISTS=pthread_create    -rdynamic CMakeFiles/cmTC_5e658.dir/CheckFunctionExists.c.o  -o cmTC_5e658 -lpthreads 
/usr/bin/ld: cannot find -lpthreads
collect2: error: ld returned 1 exit status
CMakeFiles/cmTC_5e658.dir/build.make:97: recipe for target 'cmTC_5e658' failed
make[1]: *** [cmTC_5e658] Error 1
make[1]: Leaving directory '/home/nvidia/Downloads/KCFcpp-master/CMakeFiles/CMakeTmp'
Makefile:126: recipe for target 'cmTC_5e658/fast' failed
make: *** [cmTC_5e658/fast] Error 2


Determining if the pthread_create exist failed with the following output:
Change Dir: /home/nvidia/Downloads/KCFcpp-master/CMakeFiles/CMakeTmp

Run Build Command:"/usr/bin/make" "cmTC_8d72e/fast"
/usr/bin/make -f CMakeFiles/cmTC_8d72e.dir/build.make CMakeFiles/cmTC_8d72e.dir/build
make[1]: Entering directory '/home/nvidia/Downloads/KCFcpp-master/CMakeFiles/CMakeTmp'
Building C object CMakeFiles/cmTC_8d72e.dir/CheckSymbolExists.c.o
/usr/bin/cc   -fPIC    -o CMakeFiles/cmTC_8d72e.dir/CheckSymbolExists.c.o   -c /home/nvidia/Downloads/KCFcpp-master/CMakeFiles/CMakeTmp/CheckSymbolExists.c
Linking C executable cmTC_8d72e
/usr/bin/cmake -E cmake_link_script CMakeFiles/cmTC_8d72e.dir/link.txt --verbose=1
/usr/bin/cc -fPIC     -rdynamic CMakeFiles/cmTC_8d72e.dir/CheckSymbolExists.c.o  -o cmTC_8d72e 
CMakeFiles/cmTC_8d72e.dir/CheckSymbolExists.c.o: In function `main':
CheckSymbolExists.c:(.text+0x14): undefined reference to `pthread_create'
CheckSymbolExists.c:(.text+0x18): undefined reference to `pthread_create'
collect2: error: ld returned 1 exit status
CMakeFiles/cmTC_8d72e.dir/build.make:97: recipe for target 'cmTC_8d72e' failed
make[1]: *** [cmTC_8d72e] Error 1
make[1]: Leaving directory '/home/nvidia/Downloads/KCFcpp-master/CMakeFiles/CMakeTmp'
Makefile:126: recipe for target 'cmTC_8d72e/fast' failed
make: *** [cmTC_8d72e/fast] Error 2

File /home/nvidia/Downloads/KCFcpp-master/CMakeFiles/CMakeTmp/CheckSymbolExists.c:
/* */
#include <pthread.h>

int main(int argc, char** argv)
{
  (void)argv;
#ifndef pthread_create
  return ((int*)(&pthread_create))[argc];
#else
  (void)argc;
  return 0;
#endif
}

Determining if the function pthread_create exists in the pthreads failed with the following output:
Change Dir: /home/nvidia/Downloads/KCFcpp-master/CMakeFiles/CMakeTmp

Run Build Command:"/usr/bin/make" "cmTC_ea0c0/fast"
/usr/bin/make -f CMakeFiles/cmTC_ea0c0.dir/build.make CMakeFiles/cmTC_ea0c0.dir/build
make[1]: Entering directory '/home/nvidia/Downloads/KCFcpp-master/CMakeFiles/CMakeTmp'
Building C object CMakeFiles/cmTC_ea0c0.dir/CheckFunctionExists.c.o
/usr/bin/cc   -fPIC -DCHECK_FUNCTION_EXISTS=pthread_create   -o CMakeFiles/cmTC_ea0c0.dir/CheckFunctionExists.c.o   -c /usr/share/cmake-3.10/Modules/CheckFunctionExists.c
Linking C executable cmTC_ea0c0
/usr/bin/cmake -E cmake_link_script CMakeFiles/cmTC_ea0c0.dir/link.txt --verbose=1
/usr/bin/cc -fPIC -DCHECK_FUNCTION_EXISTS=pthread_create    -rdynamic CMakeFiles/cmTC_ea0c0.dir/CheckFunctionExists.c.o  -o cmTC_ea0c0 -lpthreads 
/usr/bin/ld: cannot find -lpthreads
collect2: error: ld returned 1 exit status
CMakeFiles/cmTC_ea0c0.dir/build.make:97: recipe for target 'cmTC_ea0c0' failed
make[1]: *** [cmTC_ea0c0] Error 1
make[1]: Leaving directory '/home/nvidia/Downloads/KCFcpp-master/CMakeFiles/CMakeTmp'
Makefile:126: recipe for target 'cmTC_ea0c0/fast' failed
make: *** [cmTC_ea0c0/fast] Error 2


Determining if the pthread_create exist failed with the following output:
Change Dir: /home/nvidia/Downloads/KCFcpp-master/CMakeFiles/CMakeTmp

Run Build Command:"/usr/bin/make" "cmTC_f14cd/fast"
/usr/bin/make -f CMakeFiles/cmTC_f14cd.dir/build.make CMakeFiles/cmTC_f14cd.dir/build
make[1]: Entering directory '/home/nvidia/Downloads/KCFcpp-master/CMakeFiles/CMakeTmp'
Building C object CMakeFiles/cmTC_f14cd.dir/CheckSymbolExists.c.o
/usr/bin/cc   -fPIC    -o CMakeFiles/cmTC_f14cd.dir/CheckSymbolExists.c.o   -c /home/nvidia/Downloads/KCFcpp-master/CMakeFiles/CMakeTmp/CheckSymbolExists.c
Linking C executable cmTC_f14cd
/usr/bin/cmake -E cmake_link_script CMakeFiles/cmTC_f14cd.dir/link.txt --verbose=1
/usr/bin/cc -fPIC     -rdynamic CMakeFiles/cmTC_f14cd.dir/CheckSymbolExists.c.o  -o cmTC_f14cd 
CMakeFiles/cmTC_f14cd.dir/CheckSymbolExists.c.o: In function `main':
CheckSymbolExists.c:(.text+0x14): undefined reference to `pthread_create'
CheckSymbolExists.c:(.text+0x18): undefined reference to `pthread_create'
collect2: error: ld returned 1 exit status
CMakeFiles/cmTC_f14cd.dir/build.make:97: recipe for target 'cmTC_f14cd' failed
make[1]: *** [cmTC_f14cd] Error 1
make[1]: Leaving directory '/home/nvidia/Downloads/KCFcpp-master/CMakeFiles/CMakeTmp'
Makefile:126: recipe for target 'cmTC_f14cd/fast' failed
make: *** [cmTC_f14cd/fast] Error 2

File /home/nvidia/Downloads/KCFcpp-master/CMakeFiles/CMakeTmp/CheckSymbolExists.c:
/* */
#include <pthread.h>

int main(int argc, char** argv)
{
  (void)argv;
#ifndef pthread_create
  return ((int*)(&pthread_create))[argc];
#else
  (void)argc;
  return 0;
#endif
}

Determining if the function pthread_create exists in the pthreads failed with the following output:
Change Dir: /home/nvidia/Downloads/KCFcpp-master/CMakeFiles/CMakeTmp

Run Build Command:"/usr/bin/make" "cmTC_e683a/fast"
/usr/bin/make -f CMakeFiles/cmTC_e683a.dir/build.make CMakeFiles/cmTC_e683a.dir/build
make[1]: Entering directory '/home/nvidia/Downloads/KCFcpp-master/CMakeFiles/CMakeTmp'
Building C object CMakeFiles/cmTC_e683a.dir/CheckFunctionExists.c.o
/usr/bin/cc   -fPIC -DCHECK_FUNCTION_EXISTS=pthread_create   -o CMakeFiles/cmTC_e683a.dir/CheckFunctionExists.c.o   -c /usr/share/cmake-3.10/Modules/CheckFunctionExists.c
Linking C executable cmTC_e683a
/usr/bin/cmake -E cmake_link_script CMakeFiles/cmTC_e683a.dir/link.txt --verbose=1
/usr/bin/cc -fPIC -DCHECK_FUNCTION_EXISTS=pthread_create    -rdynamic CMakeFiles/cmTC_e683a.dir/CheckFunctionExists.c.o  -o cmTC_e683a -lpthreads 
/usr/bin/ld: cannot find -lpthreads
collect2: error: ld returned 1 exit status
CMakeFiles/cmTC_e683a.dir/build.make:97: recipe for target 'cmTC_e683a' failed
make[1]: *** [cmTC_e683a] Error 1
make[1]: Leaving directory '/home/nvidia/Downloads/KCFcpp-master/CMakeFiles/CMakeTmp'
Makefile:126: recipe for target 'cmTC_e683a/fast' failed
make: *** [cmTC_e683a/fast] Error 2


Determining if the pthread_create exist failed with the following output:
Change Dir: /home/nvidia/Downloads/KCFcpp-master/CMakeFiles/CMakeTmp

Run Build Command:"/usr/bin/make" "cmTC_f10ac/fast"
/usr/bin/make -f CMakeFiles/cmTC_f10ac.dir/build.make CMakeFiles/cmTC_f10ac.dir/build
make[1]: Entering directory '/home/nvidia/Downloads/KCFcpp-master/CMakeFiles/CMakeTmp'
Building C object CMakeFiles/cmTC_f10ac.dir/CheckSymbolExists.c.o
/usr/bin/cc   -fPIC    -o CMakeFiles/cmTC_f10ac.dir/CheckSymbolExists.c.o   -c /home/nvidia/Downloads/KCFcpp-master/CMakeFiles/CMakeTmp/CheckSymbolExists.c
Linking C executable cmTC_f10ac
/usr/bin/cmake -E cmake_link_script CMakeFiles/cmTC_f10ac.dir/link.txt --verbose=1
/usr/bin/cc -fPIC     -rdynamic CMakeFiles/cmTC_f10ac.dir/CheckSymbolExists.c.o  -o cmTC_f10ac 
CMakeFiles/cmTC_f10ac.dir/CheckSymbolExists.c.o: In function `main':
CheckSymbolExists.c:(.text+0x14): undefined reference to `pthread_create'
CheckSymbolExists.c:(.text+0x18): undefined reference to `pthread_create'
collect2: error: ld returned 1 exit status
CMakeFiles/cmTC_f10ac.dir/build.make:97: recipe for target 'cmTC_f10ac' failed
make[1]: *** [cmTC_f10ac] Error 1
make[1]: Leaving directory '/home/nvidia/Downloads/KCFcpp-master/CMakeFiles/CMakeTmp'
Makefile:126: recipe for target 'cmTC_f10ac/fast' failed
make: *** [cmTC_f10ac/fast] Error 2

File /home/nvidia/Downloads/KCFcpp-master/CMakeFiles/CMakeTmp/CheckSymbolExists.c:
/* */
#include <pthread.h>

int main(int argc, char** argv)
{
  (void)argv;
#ifndef pthread_create
  return ((int*)(&pthread_create))[argc];
#else
  (void)argc;
  return 0;
#endif
}

Determining if the function pthread_create exists in the pthreads failed with the following output:
Change Dir: /home/nvidia/Downloads/KCFcpp-master/CMakeFiles/CMakeTmp

Run Build Command:"/usr/bin/make" "cmTC_23c90/fast"
/usr/bin/make -f CMakeFiles/cmTC_23c90.dir/build.make CMakeFiles/cmTC_23c90.dir/build
make[1]: Entering directory '/home/nvidia/Downloads/KCFcpp-master/CMakeFiles/CMakeTmp'
Building C object CMakeFiles/cmTC_23c90.dir/CheckFunctionExists.c.o
/usr/bin/cc   -fPIC -DCHECK_FUNCTION_EXISTS=pthread_create   -o CMakeFiles/cmTC_23c90.dir/CheckFunctionExists.c.o   -c /usr/share/cmake-3.10/Modules/CheckFunctionExists.c
Linking C executable cmTC_23c90
/usr/bin/cmake -E cmake_link_script CMakeFiles/cmTC_23c90.dir/link.txt --verbose=1
/usr/bin/cc -fPIC -DCHECK_FUNCTION_EXISTS=pthread_create    -rdynamic CMakeFiles/cmTC_23c90.dir/CheckFunctionExists.c.o  -o cmTC_23c90 -lpthreads 
/usr/bin/ld: cannot find -lpthreads
collect2: error: ld returned 1 exit status
CMakeFiles/cmTC_23c90.dir/build.make:97: recipe for target 'cmTC_23c90' failed
make[1]: *** [cmTC_23c90] Error 1
make[1]: Leaving directory '/home/nvidia/Downloads/KCFcpp-master/CMakeFiles/CMakeTmp'
Makefile:126: recipe for target 'cmTC_23c90/fast' failed
make: *** [cmTC_23c90/fast] Error 2


Determining if the pthread_create exist failed with the following output:
Change Dir: /home/nvidia/Downloads/KCF_OF/CMakeFiles/CMakeTmp

Run Build Command:"/usr/bin/make" "cmTC_47bd5/fast"
/usr/bin/make -f CMakeFiles/cmTC_47bd5.dir/build.make CMakeFiles/cmTC_47bd5.dir/build
make[1]: Entering directory '/home/nvidia/Downloads/KCF_OF/CMakeFiles/CMakeTmp'
Building C object CMakeFiles/cmTC_47bd5.dir/CheckSymbolExists.c.o
/usr/bin/cc   -fPIC    -o CMakeFiles/cmTC_47bd5.dir/CheckSymbolExists.c.o   -c /home/nvidia/Downloads/KCF_OF/CMakeFiles/CMakeTmp/CheckSymbolExists.c
Linking C executable cmTC_47bd5
/usr/bin/cmake -E cmake_link_script CMakeFiles/cmTC_47bd5.dir/link.txt --verbose=1
/usr/bin/cc -fPIC     -rdynamic CMakeFiles/cmTC_47bd5.dir/CheckSymbolExists.c.o  -o cmTC_47bd5 
CMakeFiles/cmTC_47bd5.dir/CheckSymbolExists.c.o: In function `main':
CheckSymbolExists.c:(.text+0x14): undefined reference to `pthread_create'
CheckSymbolExists.c:(.text+0x18): undefined reference to `pthread_create'
collect2: error: ld returned 1 exit status
CMakeFiles/cmTC_47bd5.dir/build.make:97: recipe for target 'cmTC_47bd5' failed
make[1]: *** [cmTC_47bd5] Error 1
make[1]: Leaving directory '/home/nvidia/Downloads/KCF_OF/CMakeFiles/CMakeTmp'
Makefile:126: recipe for target 'cmTC_47bd5/fast' failed
make: *** [cmTC_47bd5/fast] Error 2

File /home/nvidia/Downloads/KCF_OF/CMakeFiles/CMakeTmp/CheckSymbolExists.c:
/* */
#include <pthread.h>

int main(int argc, char** argv)
{
  (void)argv;
#ifndef pthread_create
  return ((int*)(&pthread_create))[argc];
#else
  (void)argc;
  return 0;
#endif
}

Determining if the function pthread_create exists in the pthreads failed with the following output:
Change Dir: /home/nvidia/Downloads/KCF_OF/CMakeFiles/CMakeTmp

Run Build Command:"/usr/bin/make" "cmTC_51186/fast"
/usr/bin/make -f CMakeFiles/cmTC_51186.dir/build.make CMakeFiles/cmTC_51186.dir/build
make[1]: Entering directory '/home/nvidia/Downloads/KCF_OF/CMakeFiles/CMakeTmp'
Building C object CMakeFiles/cmTC_51186.dir/CheckFunctionExists.c.o
/usr/bin/cc   -fPIC -DCHECK_FUNCTION_EXISTS=pthread_create   -o CMakeFiles/cmTC_51186.dir/CheckFunctionExists.c.o   -c /usr/share/cmake-3.10/Modules/CheckFunctionExists.c
Linking C executable cmTC_51186
/usr/bin/cmake -E cmake_link_script CMakeFiles/cmTC_51186.dir/link.txt --verbose=1
/usr/bin/cc -fPIC -DCHECK_FUNCTION_EXISTS=pthread_create    -rdynamic CMakeFiles/cmTC_51186.dir/CheckFunctionExists.c.o  -o cmTC_51186 -lpthreads 
/usr/bin/ld: cannot find -lpthreads
collect2: error: ld returned 1 exit status
CMakeFiles/cmTC_51186.dir/build.make:97: recipe for target 'cmTC_51186' failed
make[1]: *** [cmTC_51186] Error 1
make[1]: Leaving directory '/home/nvidia/Downloads/KCF_OF/CMakeFiles/CMakeTmp'
Makefile:126: recipe for target 'cmTC_51186/fast' failed
make: *** [cmTC_51186/fast] Error 2


Determining if the pthread_create exist failed with the following output:
Change Dir: /home/nvidia/Downloads/KCF_OF/CMakeFiles/CMakeTmp

Run Build Command:"/usr/bin/make" "cmTC_17a6f/fast"
/usr/bin/make -f CMakeFiles/cmTC_17a6f.dir/build.make CMakeFiles/cmTC_17a6f.dir/build
make[1]: Entering directory '/home/nvidia/Downloads/KCF_OF/CMakeFiles/CMakeTmp'
Building C object CMakeFiles/cmTC_17a6f.dir/CheckSymbolExists.c.o
/usr/bin/cc   -fPIC    -o CMakeFiles/cmTC_17a6f.dir/CheckSymbolExists.c.o   -c /home/nvidia/Downloads/KCF_OF/CMakeFiles/CMakeTmp/CheckSymbolExists.c
Linking C executable cmTC_17a6f
/usr/bin/cmake -E cmake_link_script CMakeFiles/cmTC_17a6f.dir/link.txt --verbose=1
/usr/bin/cc -fPIC     -rdynamic CMakeFiles/cmTC_17a6f.dir/CheckSymbolExists.c.o  -o cmTC_17a6f 
CMakeFiles/cmTC_17a6f.dir/CheckSymbolExists.c.o: In function `main':
CheckSymbolExists.c:(.text+0x14): undefined reference to `pthread_create'
CheckSymbolExists.c:(.text+0x18): undefined reference to `pthread_create'
collect2: error: ld returned 1 exit status
CMakeFiles/cmTC_17a6f.dir/build.make:97: recipe for target 'cmTC_17a6f' failed
make[1]: *** [cmTC_17a6f] Error 1
make[1]: Leaving directory '/home/nvidia/Downloads/KCF_OF/CMakeFiles/CMakeTmp'
Makefile:126: recipe for target 'cmTC_17a6f/fast' failed
make: *** [cmTC_17a6f/fast] Error 2

File /home/nvidia/Downloads/KCF_OF/CMakeFiles/CMakeTmp/CheckSymbolExists.c:
/* */
#include <pthread.h>

int main(int argc, char** argv)
{
  (void)argv;
#ifndef pthread_create
  return ((int*)(&pthread_create))[argc];
#else
  (void)argc;
  return 0;
#endif
}

Determining if the function pthread_create exists in the pthreads failed with the following output:
Change Dir: /home/nvidia/Downloads/KCF_OF/CMakeFiles/CMakeTmp

Run Build Command:"/usr/bin/make" "cmTC_fcf6c/fast"
/usr/bin/make -f CMakeFiles/cmTC_fcf6c.dir/build.make CMakeFiles/cmTC_fcf6c.dir/build
make[1]: Entering directory '/home/nvidia/Downloads/KCF_OF/CMakeFiles/CMakeTmp'
Building C object CMakeFiles/cmTC_fcf6c.dir/CheckFunctionExists.c.o
/usr/bin/cc   -fPIC -DCHECK_FUNCTION_EXISTS=pthread_create   -o CMakeFiles/cmTC_fcf6c.dir/CheckFunctionExists.c.o   -c /usr/share/cmake-3.10/Modules/CheckFunctionExists.c
Linking C executable cmTC_fcf6c
/usr/bin/cmake -E cmake_link_script CMakeFiles/cmTC_fcf6c.dir/link.txt --verbose=1
/usr/bin/cc -fPIC -DCHECK_FUNCTION_EXISTS=pthread_create    -rdynamic CMakeFiles/cmTC_fcf6c.dir/CheckFunctionExists.c.o  -o cmTC_fcf6c -lpthreads 
/usr/bin/ld: cannot find -lpthreads
collect2: error: ld returned 1 exit status
CMakeFiles/cmTC_fcf6c.dir/build.make:97: recipe for target 'cmTC_fcf6c' failed
make[1]: *** [cmTC_fcf6c] Error 1
make[1]: Leaving directory '/home/nvidia/Downloads/KCF_OF/CMakeFiles/CMakeTmp'
Makefile:126: recipe for target 'cmTC_fcf6c/fast' failed
make: *** [cmTC_fcf6c/fast] Error 2


Determining if the pthread_create exist failed with the following output:
Change Dir: /home/nvidia/Downloads/KCF_OF/CMakeFiles/CMakeTmp

Run Build Command:"/usr/bin/make" "cmTC_67660/fast"
make[1]: Entering directory '/home/nvidia/Downloads/KCF_OF/CMakeFiles/CMakeTmp'
/usr/bin/make -f CMakeFiles/cmTC_67660.dir/build.make CMakeFiles/cmTC_67660.dir/build
make[2]: Entering directory '/home/nvidia/Downloads/KCF_OF/CMakeFiles/CMakeTmp'
Building C object CMakeFiles/cmTC_67660.dir/CheckSymbolExists.c.o
/usr/bin/cc   -fPIC    -o CMakeFiles/cmTC_67660.dir/CheckSymbolExists.c.o   -c /home/nvidia/Downloads/KCF_OF/CMakeFiles/CMakeTmp/CheckSymbolExists.c
Linking C executable cmTC_67660
/usr/bin/cmake -E cmake_link_script CMakeFiles/cmTC_67660.dir/link.txt --verbose=1
/usr/bin/cc -fPIC     -rdynamic CMakeFiles/cmTC_67660.dir/CheckSymbolExists.c.o  -o cmTC_67660 
CMakeFiles/cmTC_67660.dir/CheckSymbolExists.c.o: In function `main':
CheckSymbolExists.c:(.text+0x14): undefined reference to `pthread_create'
CheckSymbolExists.c:(.text+0x18): undefined reference to `pthread_create'
collect2: error: ld returned 1 exit status
CMakeFiles/cmTC_67660.dir/build.make:97: recipe for target 'cmTC_67660' failed
make[2]: *** [cmTC_67660] Error 1
make[2]: Leaving directory '/home/nvidia/Downloads/KCF_OF/CMakeFiles/CMakeTmp'
Makefile:126: recipe for target 'cmTC_67660/fast' failed
make[1]: *** [cmTC_67660/fast] Error 2
make[1]: Leaving directory '/home/nvidia/Downloads/KCF_OF/CMakeFiles/CMakeTmp'

File /home/nvidia/Downloads/KCF_OF/CMakeFiles/CMakeTmp/CheckSymbolExists.c:
/* */
#include <pthread.h>

int main(int argc, char** argv)
{
  (void)argv;
#ifndef pthread_create
  return ((int*)(&pthread_create))[argc];
#else
  (void)argc;
  return 0;
#endif
}

Determining if the function pthread_create exists in the pthreads failed with the following output:
Change Dir: /home/nvidia/Downloads/KCF_OF/CMakeFiles/CMakeTmp

Run Build Command:"/usr/bin/make" "cmTC_26985/fast"
make[1]: Entering directory '/home/nvidia/Downloads/KCF_OF/CMakeFiles/CMakeTmp'
/usr/bin/make -f CMakeFiles/cmTC_26985.dir/build.make CMakeFiles/cmTC_26985.dir/build
make[2]: Entering directory '/home/nvidia/Downloads/KCF_OF/CMakeFiles/CMakeTmp'
Building C object CMakeFiles/cmTC_26985.dir/CheckFunctionExists.c.o
/usr/bin/cc   -fPIC -DCHECK_FUNCTION_EXISTS=pthread_create   -o CMakeFiles/cmTC_26985.dir/CheckFunctionExists.c.o   -c /usr/share/cmake-3.10/Modules/CheckFunctionExists.c
Linking C executable cmTC_26985
/usr/bin/cmake -E cmake_link_script CMakeFiles/cmTC_26985.dir/link.txt --verbose=1
/usr/bin/cc -fPIC -DCHECK_FUNCTION_EXISTS=pthread_create    -rdynamic CMakeFiles/cmTC_26985.dir/CheckFunctionExists.c.o  -o cmTC_26985 -lpthreads 
/usr/bin/ld: cannot find -lpthreads
collect2: error: ld returned 1 exit status
CMakeFiles/cmTC_26985.dir/build.make:97: recipe for target 'cmTC_26985' failed
make[2]: *** [cmTC_26985] Error 1
make[2]: Leaving directory '/home/nvidia/Downloads/KCF_OF/CMakeFiles/CMakeTmp'
Makefile:126: recipe for target 'cmTC_26985/fast' failed
make[1]: *** [cmTC_26985/fast] Error 2
make[1]: Leaving directory '/home/nvidia/Downloads/KCF_OF/CMakeFiles/CMakeTmp'


Determining if the pthread_create exist failed with the following output:
Change Dir: /home/nvidia/Downloads/KCF_OF/CMakeFiles/CMakeTmp

Run Build Command:"/usr/bin/make" "cmTC_8f6d9/fast"
/usr/bin/make -f CMakeFiles/cmTC_8f6d9.dir/build.make CMakeFiles/cmTC_8f6d9.dir/build
make[1]: Entering directory '/home/nvidia/Downloads/KCF_OF/CMakeFiles/CMakeTmp'
Building C object CMakeFiles/cmTC_8f6d9.dir/CheckSymbolExists.c.o
/usr/bin/cc   -fPIC    -o CMakeFiles/cmTC_8f6d9.dir/CheckSymbolExists.c.o   -c /home/nvidia/Downloads/KCF_OF/CMakeFiles/CMakeTmp/CheckSymbolExists.c
Linking C executable cmTC_8f6d9
/usr/bin/cmake -E cmake_link_script CMakeFiles/cmTC_8f6d9.dir/link.txt --verbose=1
/usr/bin/cc -fPIC     -rdynamic CMakeFiles/cmTC_8f6d9.dir/CheckSymbolExists.c.o  -o cmTC_8f6d9 
CMakeFiles/cmTC_8f6d9.dir/CheckSymbolExists.c.o: In function `main':
CheckSymbolExists.c:(.text+0x14): undefined reference to `pthread_create'
CheckSymbolExists.c:(.text+0x18): undefined reference to `pthread_create'
collect2: error: ld returned 1 exit status
CMakeFiles/cmTC_8f6d9.dir/build.make:97: recipe for target 'cmTC_8f6d9' failed
make[1]: *** [cmTC_8f6d9] Error 1
make[1]: Leaving directory '/home/nvidia/Downloads/KCF_OF/CMakeFiles/CMakeTmp'
Makefile:126: recipe for target 'cmTC_8f6d9/fast' failed
make: *** [cmTC_8f6d9/fast] Error 2

File /home/nvidia/Downloads/KCF_OF/CMakeFiles/CMakeTmp/CheckSymbolExists.c:
/* */
#include <pthread.h>

int main(int argc, char** argv)
{
  (void)argv;
#ifndef pthread_create
  return ((int*)(&pthread_create))[argc];
#else
  (void)argc;
  return 0;
#endif
}

Determining if the function pthread_create exists in the pthreads failed with the following output:
Change Dir: /home/nvidia/Downloads/KCF_OF/CMakeFiles/CMakeTmp

Run Build Command:"/usr/bin/make" "cmTC_0e1cd/fast"
/usr/bin/make -f CMakeFiles/cmTC_0e1cd.dir/build.make CMakeFiles/cmTC_0e1cd.dir/build
make[1]: Entering directory '/home/nvidia/Downloads/KCF_OF/CMakeFiles/CMakeTmp'
Building C object CMakeFiles/cmTC_0e1cd.dir/CheckFunctionExists.c.o
/usr/bin/cc   -fPIC -DCHECK_FUNCTION_EXISTS=pthread_create   -o CMakeFiles/cmTC_0e1cd.dir/CheckFunctionExists.c.o   -c /usr/share/cmake-3.10/Modules/CheckFunctionExists.c
Linking C executable cmTC_0e1cd
/usr/bin/cmake -E cmake_link_script CMakeFiles/cmTC_0e1cd.dir/link.txt --verbose=1
/usr/bin/cc -fPIC -DCHECK_FUNCTION_EXISTS=pthread_create    -rdynamic CMakeFiles/cmTC_0e1cd.dir/CheckFunctionExists.c.o  -o cmTC_0e1cd -lpthreads 
/usr/bin/ld: cannot find -lpthreads
collect2: error: ld returned 1 exit status
CMakeFiles/cmTC_0e1cd.dir/build.make:97: recipe for target 'cmTC_0e1cd' failed
make[1]: *** [cmTC_0e1cd] Error 1
make[1]: Leaving directory '/home/nvidia/Downloads/KCF_OF/CMakeFiles/CMakeTmp'
Makefile:126: recipe for target 'cmTC_0e1cd/fast' failed
make: *** [cmTC_0e1cd/fast] Error 2


Determining if the pthread_create exist failed with the following output:
Change Dir: /home/nvidia/Downloads/KCF_OF/CMakeFiles/CMakeTmp

Run Build Command:"/usr/bin/make" "cmTC_4a61f/fast"
/usr/bin/make -f CMakeFiles/cmTC_4a61f.dir/build.make CMakeFiles/cmTC_4a61f.dir/build
make[1]: Entering directory '/home/nvidia/Downloads/KCF_OF/CMakeFiles/CMakeTmp'
Building C object CMakeFiles/cmTC_4a61f.dir/CheckSymbolExists.c.o
/usr/bin/cc   -fPIC    -o CMakeFiles/cmTC_4a61f.dir/CheckSymbolExists.c.o   -c /home/nvidia/Downloads/KCF_OF/CMakeFiles/CMakeTmp/CheckSymbolExists.c
Linking C executable cmTC_4a61f
/usr/bin/cmake -E cmake_link_script CMakeFiles/cmTC_4a61f.dir/link.txt --verbose=1
/usr/bin/cc -fPIC     -rdynamic CMakeFiles/cmTC_4a61f.dir/CheckSymbolExists.c.o  -o cmTC_4a61f 
CMakeFiles/cmTC_4a61f.dir/CheckSymbolExists.c.o: In function `main':
CheckSymbolExists.c:(.text+0x14): undefined reference to `pthread_create'
CheckSymbolExists.c:(.text+0x18): undefined reference to `pthread_create'
collect2: error: ld returned 1 exit status
CMakeFiles/cmTC_4a61f.dir/build.make:97: recipe for target 'cmTC_4a61f' failed
make[1]: *** [cmTC_4a61f] Error 1
make[1]: Leaving directory '/home/nvidia/Downloads/KCF_OF/CMakeFiles/CMakeTmp'
Makefile:126: recipe for target 'cmTC_4a61f/fast' failed
make: *** [cmTC_4a61f/fast] Error 2

File /home/nvidia/Downloads/KCF_OF/CMakeFiles/CMakeTmp/CheckSymbolExists.c:
/* */
#include <pthread.h>

int main(int argc, char** argv)
{
  (void)argv;
#ifndef pthread_create
  return ((int*)(&pthread_create))[argc];
#else
  (void)argc;
  return 0;
#endif
}

Determining if the function pthread_create exists in the pthreads failed with the following output:
Change Dir: /home/nvidia/Downloads/KCF_OF/CMakeFiles/CMakeTmp

Run Build Command:"/usr/bin/make" "cmTC_3e34a/fast"
/usr/bin/make -f CMakeFiles/cmTC_3e34a.dir/build.make CMakeFiles/cmTC_3e34a.dir/build
make[1]: Entering directory '/home/nvidia/Downloads/KCF_OF/CMakeFiles/CMakeTmp'
Building C object CMakeFiles/cmTC_3e34a.dir/CheckFunctionExists.c.o
/usr/bin/cc   -fPIC -DCHECK_FUNCTION_EXISTS=pthread_create   -o CMakeFiles/cmTC_3e34a.dir/CheckFunctionExists.c.o   -c /usr/share/cmake-3.10/Modules/CheckFunctionExists.c
Linking C executable cmTC_3e34a
/usr/bin/cmake -E cmake_link_script CMakeFiles/cmTC_3e34a.dir/link.txt --verbose=1
/usr/bin/cc -fPIC -DCHECK_FUNCTION_EXISTS=pthread_create    -rdynamic CMakeFiles/cmTC_3e34a.dir/CheckFunctionExists.c.o  -o cmTC_3e34a -lpthreads 
/usr/bin/ld: cannot find -lpthreads
collect2: error: ld returned 1 exit status
CMakeFiles/cmTC_3e34a.dir/build.make:97: recipe for target 'cmTC_3e34a' failed
make[1]: *** [cmTC_3e34a] Error 1
make[1]: Leaving directory '/home/nvidia/Downloads/KCF_OF/CMakeFiles/CMakeTmp'
Makefile:126: recipe for target 'cmTC_3e34a/fast' failed
make: *** [cmTC_3e34a/fast] Error 2


Determining if the pthread_create exist failed with the following output:
Change Dir: /home/nvidia/Downloads/KCF_OF/CMakeFiles/CMakeTmp

Run Build Command:"/usr/bin/make" "cmTC_32a57/fast"
/usr/bin/make -f CMakeFiles/cmTC_32a57.dir/build.make CMakeFiles/cmTC_32a57.dir/build
make[1]: Entering directory '/home/nvidia/Downloads/KCF_OF/CMakeFiles/CMakeTmp'
Building C object CMakeFiles/cmTC_32a57.dir/CheckSymbolExists.c.o
/usr/bin/cc   -fPIC    -o CMakeFiles/cmTC_32a57.dir/CheckSymbolExists.c.o   -c /home/nvidia/Downloads/KCF_OF/CMakeFiles/CMakeTmp/CheckSymbolExists.c
Linking C executable cmTC_32a57
/usr/bin/cmake -E cmake_link_script CMakeFiles/cmTC_32a57.dir/link.txt --verbose=1
/usr/bin/cc -fPIC     -rdynamic CMakeFiles/cmTC_32a57.dir/CheckSymbolExists.c.o  -o cmTC_32a57 
CMakeFiles/cmTC_32a57.dir/CheckSymbolExists.c.o: In function `main':
CheckSymbolExists.c:(.text+0x14): undefined reference to `pthread_create'
CheckSymbolExists.c:(.text+0x18): undefined reference to `pthread_create'
collect2: error: ld returned 1 exit status
CMakeFiles/cmTC_32a57.dir/build.make:97: recipe for target 'cmTC_32a57' failed
make[1]: *** [cmTC_32a57] Error 1
make[1]: Leaving directory '/home/nvidia/Downloads/KCF_OF/CMakeFiles/CMakeTmp'
Makefile:126: recipe for target 'cmTC_32a57/fast' failed
make: *** [cmTC_32a57/fast] Error 2

File /home/nvidia/Downloads/KCF_OF/CMakeFiles/CMakeTmp/CheckSymbolExists.c:
/* */
#include <pthread.h>

int main(int argc, char** argv)
{
  (void)argv;
#ifndef pthread_create
  return ((int*)(&pthread_create))[argc];
#else
  (void)argc;
  return 0;
#endif
}

Determining if the function pthread_create exists in the pthreads failed with the following output:
Change Dir: /home/nvidia/Downloads/KCF_OF/CMakeFiles/CMakeTmp

Run Build Command:"/usr/bin/make" "cmTC_bde6f/fast"
/usr/bin/make -f CMakeFiles/cmTC_bde6f.dir/build.make CMakeFiles/cmTC_bde6f.dir/build
make[1]: Entering directory '/home/nvidia/Downloads/KCF_OF/CMakeFiles/CMakeTmp'
Building C object CMakeFiles/cmTC_bde6f.dir/CheckFunctionExists.c.o
/usr/bin/cc   -fPIC -DCHECK_FUNCTION_EXISTS=pthread_create   -o CMakeFiles/cmTC_bde6f.dir/CheckFunctionExists.c.o   -c /usr/share/cmake-3.10/Modules/CheckFunctionExists.c
Linking C executable cmTC_bde6f
/usr/bin/cmake -E cmake_link_script CMakeFiles/cmTC_bde6f.dir/link.txt --verbose=1
/usr/bin/cc -fPIC -DCHECK_FUNCTION_EXISTS=pthread_create    -rdynamic CMakeFiles/cmTC_bde6f.dir/CheckFunctionExists.c.o  -o cmTC_bde6f -lpthreads 
/usr/bin/ld: cannot find -lpthreads
collect2: error: ld returned 1 exit status
CMakeFiles/cmTC_bde6f.dir/build.make:97: recipe for target 'cmTC_bde6f' failed
make[1]: *** [cmTC_bde6f] Error 1
make[1]: Leaving directory '/home/nvidia/Downloads/KCF_OF/CMakeFiles/CMakeTmp'
Makefile:126: recipe for target 'cmTC_bde6f/fast' failed
make: *** [cmTC_bde6f/fast] Error 2


